2025-11-29 19:32:16,446 - main - INFO - 初始化資料庫: medical_inventory.db
2025-11-29 19:32:16,446 - main - INFO - 開始初始化資料庫結構...
2025-11-29 19:32:16,466 - main - INFO - 已初始化預設醫院 HOSP-001 與站點 TC-01
2025-11-29 19:32:16,467 - main - INFO - 資料庫初始化完成
2025-11-29 19:32:16,482 - main - INFO - 初始化資料庫: medical_inventory.db
2025-11-29 19:32:16,482 - main - INFO - 開始初始化資料庫結構...
2025-11-29 19:32:16,483 - main - INFO - 已初始化預設醫院 HOSP-001 與站點 TC-01
2025-11-29 19:32:16,483 - main - INFO - 資料庫初始化完成
2025-11-29 19:32:16,483 - main - INFO - 開始初始化資料庫結構...
2025-11-29 19:32:16,483 - main - INFO - 已初始化預設醫院 HOSP-001 與站點 TC-01
2025-11-29 19:32:16,483 - main - INFO - 資料庫初始化完成
2025-11-29 19:54:20,261 - __main__ - INFO - 初始化資料庫: medical_inventory.db
2025-11-29 19:54:20,261 - __main__ - INFO - 開始初始化資料庫結構...
2025-11-29 19:54:20,277 - __main__ - INFO - 已初始化預設醫院 HOSP-001 與站點 TC-01
2025-11-29 19:54:20,277 - __main__ - INFO - 資料庫初始化完成
2025-11-29 19:54:20,324 - __main__ - INFO - ✓ 每日設備重置背景任務已啟動 (07:00am)
2025-11-29 19:54:20,324 - __main__ - INFO - 下次設備重置時間: 2025-11-30 07:00:00 (等待 11.1 小時)
2025-11-29 19:54:27,876 - __main__ - INFO - 首次啟動，重新導向至設定精靈
2025-11-29 19:54:37,022 - __main__ - INFO - 首次啟動，重新導向至設定精靈
2025-11-29 19:54:42,693 - __main__ - INFO - 首次啟動，重新導向至設定精靈
2025-11-29 19:54:45,158 - __main__ - ERROR - 取得統計失敗: no such column: station_id
2025-11-29 19:54:45,160 - __main__ - ERROR - 取得統計失敗: no such column: station_id
2025-11-29 19:54:45,244 - __main__ - ERROR - 取得物品列表失敗: no such table: medicines
2025-11-29 19:54:45,247 - __main__ - ERROR - 取得物品列表失敗: no such table: medicines
2025-11-29 19:54:53,058 - __main__ - ERROR - 取得統計失敗: no such column: station_id
2025-11-29 19:54:53,064 - __main__ - ERROR - 取得物品列表失敗: no such table: medicines
2025-11-29 20:02:33,834 - main - INFO - 初始化資料庫: medical_inventory.db
2025-11-29 20:02:33,834 - main - INFO - 開始初始化資料庫結構...
2025-11-29 20:02:33,849 - main - INFO - 已初始化預設醫院 HOSP-001 與站點 TC-01
2025-11-29 20:02:33,850 - main - INFO - 資料庫初始化完成
2025-11-29 20:02:33,865 - main - INFO - 初始化資料庫: medical_inventory.db
2025-11-29 20:02:33,865 - main - INFO - 開始初始化資料庫結構...
2025-11-29 20:02:33,865 - main - INFO - 已初始化預設醫院 HOSP-001 與站點 TC-01
2025-11-29 20:02:33,865 - main - INFO - 資料庫初始化完成
2025-11-29 20:02:33,865 - main - INFO - 開始初始化資料庫結構...
2025-11-29 20:02:33,866 - main - INFO - 已初始化預設醫院 HOSP-001 與站點 TC-01
2025-11-29 20:02:33,866 - main - INFO - 資料庫初始化完成
2025-11-29 20:56:57,109 - __main__ - INFO - 初始化資料庫: medical_inventory.db
2025-11-29 20:56:57,109 - __main__ - INFO - 開始初始化資料庫結構...
2025-11-29 20:56:57,129 - __main__ - INFO - 已初始化預設醫院 HOSP-001 與站點 TC-01
2025-11-29 20:56:57,130 - __main__ - INFO - 資料庫初始化完成
2025-11-29 20:56:57,174 - __main__ - INFO - ✓ 每日設備重置背景任務已啟動 (07:00am)
2025-11-29 20:56:57,174 - __main__ - INFO - 下次設備重置時間: 2025-11-30 07:00:00 (等待 10.1 小時)
2025-11-29 20:56:58,049 - __main__ - ERROR - 取得物品列表失敗: no such column: brand_name
2025-11-29 20:58:41,018 - main - INFO - 初始化資料庫: medical_inventory.db
2025-11-29 20:58:41,018 - main - INFO - 開始初始化資料庫結構...
2025-11-29 20:58:41,037 - main - INFO - 已初始化預設醫院 HOSP-001 與站點 TC-01
2025-11-29 20:58:41,039 - main - INFO - 資料庫初始化完成
2025-11-29 20:58:41,058 - main - INFO - 初始化資料庫: medical_inventory.db
2025-11-29 20:58:41,058 - main - INFO - 開始初始化資料庫結構...
2025-11-29 20:58:41,059 - main - INFO - 已初始化預設醫院 HOSP-001 與站點 TC-01
2025-11-29 20:58:41,059 - main - INFO - 資料庫初始化完成
2025-11-29 20:58:41,059 - main - INFO - 開始初始化資料庫結構...
2025-11-29 20:58:41,060 - main - INFO - 已初始化預設醫院 HOSP-001 與站點 TC-01
2025-11-29 20:58:41,060 - main - INFO - 資料庫初始化完成
2025-11-29 20:59:28,831 - __main__ - INFO - 初始化資料庫: medical_inventory.db
2025-11-29 20:59:28,831 - __main__ - INFO - 開始初始化資料庫結構...
2025-11-29 20:59:28,834 - __main__ - INFO - 已初始化預設醫院 HOSP-001 與站點 TC-01
2025-11-29 20:59:28,834 - __main__ - INFO - 資料庫初始化完成
2025-11-29 20:59:28,884 - __main__ - INFO - ✓ 每日設備重置背景任務已啟動 (07:00am)
2025-11-29 20:59:28,884 - __main__ - INFO - 下次設備重置時間: 2025-11-30 07:00:00 (等待 10.0 小時)
2025-11-29 21:00:07,836 - __main__ - INFO - 初始化資料庫: medical_inventory.db
2025-11-29 21:00:07,836 - __main__ - INFO - 開始初始化資料庫結構...
2025-11-29 21:00:07,840 - __main__ - INFO - 已初始化預設醫院 HOSP-001 與站點 TC-01
2025-11-29 21:00:07,840 - __main__ - INFO - 資料庫初始化完成
2025-11-29 21:00:07,882 - __main__ - INFO - ✓ 每日設備重置背景任務已啟動 (07:00am)
2025-11-29 21:00:07,882 - __main__ - INFO - 下次設備重置時間: 2025-11-30 07:00:00 (等待 10.0 小時)
2025-11-29 21:04:45,167 - __main__ - ERROR - 取得統計失敗: no such column: station_id
2025-11-29 21:06:04,646 - __main__ - INFO - 初始化資料庫: medical_inventory.db
2025-11-29 21:06:04,646 - __main__ - INFO - 開始初始化資料庫結構...
2025-11-29 21:06:04,669 - __main__ - INFO - 已初始化預設醫院 HOSP-001 與站點 TC-01
2025-11-29 21:06:04,669 - __main__ - INFO - 資料庫初始化完成
2025-11-29 21:06:04,713 - __main__ - INFO - ✓ 每日設備重置背景任務已啟動 (07:00am)
2025-11-29 21:06:04,713 - __main__ - INFO - 下次設備重置時間: 2025-11-30 07:00:00 (等待 9.9 小時)
2025-11-29 21:08:22,967 - __main__ - INFO - 首次啟動，重新導向至設定精靈
2025-11-29 21:11:41,214 - __main__ - INFO - 初始化資料庫: medical_inventory.db
2025-11-29 21:11:41,215 - __main__ - INFO - 開始初始化資料庫結構...
2025-11-29 21:11:41,217 - __main__ - INFO - 已初始化預設醫院 HOSP-001 與站點 TC-01
2025-11-29 21:11:41,218 - __main__ - INFO - 資料庫初始化完成
2025-11-29 21:11:41,258 - __main__ - INFO - ✓ 每日設備重置背景任務已啟動 (07:00am)
2025-11-29 21:11:41,258 - __main__ - INFO - 下次設備重置時間: 2025-11-30 07:00:00 (等待 9.8 小時)
2025-11-29 21:13:21,453 - __main__ - INFO - 首次啟動，重新導向至設定精靈
2025-11-29 21:15:43,575 - __main__ - INFO - 初始化資料庫: medical_inventory.db
2025-11-29 21:15:43,576 - __main__ - INFO - 開始初始化資料庫結構...
2025-11-29 21:15:43,594 - __main__ - INFO - 已初始化預設醫院 HOSP-001 與站點 TC-01
2025-11-29 21:15:43,594 - __main__ - INFO - 資料庫初始化完成
2025-11-29 21:15:43,637 - __main__ - INFO - ✓ 每日設備重置背景任務已啟動 (07:00am)
2025-11-29 21:15:43,637 - __main__ - INFO - 下次設備重置時間: 2025-11-30 07:00:00 (等待 9.7 小時)
